0 verbose cli E:\Program Files\nodejs\node.exe E:\Program Files\nodejs\node_modules\npm\bin\npm-cli.js
1 info using npm@10.9.2
2 info using node@v22.14.0
3 silly config load:file:E:\Program Files\nodejs\node_modules\npm\npmrc
4 silly config load:file:E:\5\Mobile_Internet\MIS_MobileTerminal\web-app\.npmrc
5 silly config load:file:C:\Users\善一\.npmrc
6 silly config load:file:E:\Program Files\nodejs\node_global\etc\npmrc
7 verbose title npm install
8 verbose argv "install"
9 verbose logfile logs-max:10 dir:E:\5\Mobile_Internet\MIS_MobileTerminal\web-app\.npm-cache\_logs\2025-11-28T11_07_06_346Z-
10 verbose logfile E:\5\Mobile_Internet\MIS_MobileTerminal\web-app\.npm-cache\_logs\2025-11-28T11_07_06_346Z-debug-0.log
11 silly logfile done cleaning log files
12 silly packumentCache heap:4345298944 maxSize:1086324736 maxEntrySize:543162368
13 silly idealTree buildDeps
14 silly reify moves {}
15 silly audit bulk request {
15 silly audit   '@babel/helper-string-parser': [ '7.27.1' ],
15 silly audit   '@babel/helper-validator-identifier': [ '7.28.5' ],
15 silly audit   '@babel/parser': [ '7.28.5' ],
15 silly audit   '@babel/types': [ '7.28.5' ],
15 silly audit   '@ctrl/tinycolor': [ '3.6.1' ],
15 silly audit   '@element-plus/icons-vue': [ '2.3.2' ],
15 silly audit   '@esbuild/aix-ppc64': [ '0.25.12' ],
15 silly audit   '@esbuild/android-arm': [ '0.25.12' ],
15 silly audit   '@esbuild/android-arm64': [ '0.25.12' ],
15 silly audit   '@esbuild/android-x64': [ '0.25.12' ],
15 silly audit   '@esbuild/darwin-arm64': [ '0.25.12' ],
15 silly audit   '@esbuild/darwin-x64': [ '0.25.12' ],
15 silly audit   '@esbuild/freebsd-arm64': [ '0.25.12' ],
15 silly audit   '@esbuild/freebsd-x64': [ '0.25.12' ],
15 silly audit   '@esbuild/linux-arm': [ '0.25.12' ],
15 silly audit   '@esbuild/linux-arm64': [ '0.25.12' ],
15 silly audit   '@esbuild/linux-ia32': [ '0.25.12' ],
15 silly audit   '@esbuild/linux-loong64': [ '0.25.12' ],
15 silly audit   '@esbuild/linux-mips64el': [ '0.25.12' ],
15 silly audit   '@esbuild/linux-ppc64': [ '0.25.12' ],
15 silly audit   '@esbuild/linux-riscv64': [ '0.25.12' ],
15 silly audit   '@esbuild/linux-s390x': [ '0.25.12' ],
15 silly audit   '@esbuild/linux-x64': [ '0.25.12' ],
15 silly audit   '@esbuild/netbsd-arm64': [ '0.25.12' ],
15 silly audit   '@esbuild/netbsd-x64': [ '0.25.12' ],
15 silly audit   '@esbuild/openbsd-arm64': [ '0.25.12' ],
15 silly audit   '@esbuild/openbsd-x64': [ '0.25.12' ],
15 silly audit   '@esbuild/openharmony-arm64': [ '0.25.12' ],
15 silly audit   '@esbuild/sunos-x64': [ '0.25.12' ],
15 silly audit   '@esbuild/win32-arm64': [ '0.25.12' ],
15 silly audit   '@esbuild/win32-ia32': [ '0.25.12' ],
15 silly audit   '@esbuild/win32-x64': [ '0.25.12' ],
15 silly audit   '@floating-ui/core': [ '1.7.3' ],
15 silly audit   '@floating-ui/dom': [ '1.7.4' ],
15 silly audit   '@floating-ui/utils': [ '0.2.10' ],
15 silly audit   '@jridgewell/sourcemap-codec': [ '1.5.5' ],
15 silly audit   '@parcel/watcher': [ '2.5.1' ],
15 silly audit   '@parcel/watcher-android-arm64': [ '2.5.1' ],
15 silly audit   '@parcel/watcher-darwin-arm64': [ '2.5.1' ],
15 silly audit   '@parcel/watcher-darwin-x64': [ '2.5.1' ],
15 silly audit   '@parcel/watcher-freebsd-x64': [ '2.5.1' ],
15 silly audit   '@parcel/watcher-linux-arm-glibc': [ '2.5.1' ],
15 silly audit   '@parcel/watcher-linux-arm-musl': [ '2.5.1' ],
15 silly audit   '@parcel/watcher-linux-arm64-glibc': [ '2.5.1' ],
15 silly audit   '@parcel/watcher-linux-arm64-musl': [ '2.5.1' ],
15 silly audit   '@parcel/watcher-linux-x64-glibc': [ '2.5.1' ],
15 silly audit   '@parcel/watcher-linux-x64-musl': [ '2.5.1' ],
15 silly audit   '@parcel/watcher-win32-arm64': [ '2.5.1' ],
15 silly audit   '@parcel/watcher-win32-ia32': [ '2.5.1' ],
15 silly audit   '@parcel/watcher-win32-x64': [ '2.5.1' ],
15 silly audit   '@sxzz/popperjs-es': [ '2.11.7' ],
15 silly audit   '@rollup/rollup-android-arm-eabi': [ '4.53.3' ],
15 silly audit   '@rollup/rollup-android-arm64': [ '4.53.3' ],
15 silly audit   '@rollup/rollup-darwin-arm64': [ '4.53.3' ],
15 silly audit   '@rollup/rollup-darwin-x64': [ '4.53.3' ],
15 silly audit   '@rollup/rollup-freebsd-arm64': [ '4.53.3' ],
15 silly audit   '@rollup/rollup-freebsd-x64': [ '4.53.3' ],
15 silly audit   '@rollup/rollup-linux-arm-gnueabihf': [ '4.53.3' ],
15 silly audit   '@rollup/rollup-linux-arm-musleabihf': [ '4.53.3' ],
15 silly audit   '@rollup/rollup-linux-arm64-gnu': [ '4.53.3' ],
15 silly audit   '@rollup/rollup-linux-arm64-musl': [ '4.53.3' ],
15 silly audit   '@rollup/rollup-linux-loong64-gnu': [ '4.53.3' ],
15 silly audit   '@rollup/rollup-linux-ppc64-gnu': [ '4.53.3' ],
15 silly audit   '@rollup/rollup-linux-riscv64-gnu': [ '4.53.3' ],
15 silly audit   '@rollup/rollup-linux-riscv64-musl': [ '4.53.3' ],
15 silly audit   '@rollup/rollup-linux-s390x-gnu': [ '4.53.3' ],
15 silly audit   '@rollup/rollup-linux-x64-gnu': [ '4.53.3' ],
15 silly audit   '@rollup/rollup-linux-x64-musl': [ '4.53.3' ],
15 silly audit   '@rollup/rollup-openharmony-arm64': [ '4.53.3' ],
15 silly audit   '@rollup/rollup-win32-arm64-msvc': [ '4.53.3' ],
15 silly audit   '@rollup/rollup-win32-ia32-msvc': [ '4.53.3' ],
15 silly audit   '@rollup/rollup-win32-x64-gnu': [ '4.53.3' ],
15 silly audit   '@rollup/rollup-win32-x64-msvc': [ '4.53.3' ],
15 silly audit   '@types/estree': [ '1.0.8' ],
15 silly audit   '@types/lodash': [ '4.17.21' ],
15 silly audit   '@types/lodash-es': [ '4.17.12' ],
15 silly audit   '@types/web-bluetooth': [ '0.0.16' ],
15 silly audit   '@vitejs/plugin-vue': [ '5.2.4' ],
15 silly audit   '@vue/compiler-core': [ '3.5.25' ],
15 silly audit   '@vue/compiler-dom': [ '3.5.25' ],
15 silly audit   '@vue/compiler-sfc': [ '3.5.25' ],
15 silly audit   '@vue/compiler-ssr': [ '3.5.25' ],
15 silly audit   '@vue/devtools-api': [ '6.6.4' ],
15 silly audit   '@vue/reactivity': [ '3.5.25' ],
15 silly audit   '@vue/runtime-core': [ '3.5.25' ],
15 silly audit   '@vue/runtime-dom': [ '3.5.25' ],
15 silly audit   '@vue/server-renderer': [ '3.5.25' ],
15 silly audit   '@vue/shared': [ '3.5.25' ],
15 silly audit   '@vueuse/core': [ '9.13.0' ],
15 silly audit   '@vueuse/metadata': [ '9.13.0' ],
15 silly audit   '@vueuse/shared': [ '9.13.0' ],
15 silly audit   'async-validator': [ '4.2.5' ],
15 silly audit   asynckit: [ '0.4.0' ],
15 silly audit   axios: [ '1.13.2' ],
15 silly audit   braces: [ '3.0.3' ],
15 silly audit   'call-bind-apply-helpers': [ '1.0.2' ],
15 silly audit   chokidar: [ '4.0.3' ],
15 silly audit   'combined-stream': [ '1.0.8' ],
15 silly audit   csstype: [ '3.2.3' ],
15 silly audit   dayjs: [ '1.11.19' ],
15 silly audit   'delayed-stream': [ '1.0.0' ],
15 silly audit   'detect-libc': [ '1.0.3' ],
15 silly audit   'dunder-proto': [ '1.0.1' ],
15 silly audit   'element-plus': [ '2.11.8' ],
15 silly audit   entities: [ '4.5.0' ],
15 silly audit   'es-define-property': [ '1.0.1' ],
15 silly audit   'es-errors': [ '1.3.0' ],
15 silly audit   'es-object-atoms': [ '1.1.1' ],
15 silly audit   'es-set-tostringtag': [ '2.1.0' ],
15 silly audit   esbuild: [ '0.25.12' ],
15 silly audit   'estree-walker': [ '2.0.2' ],
15 silly audit   'fill-range': [ '7.1.1' ],
15 silly audit   'follow-redirects': [ '1.15.11' ],
15 silly audit   'form-data': [ '4.0.5' ],
15 silly audit   fsevents: [ '2.3.3' ],
15 silly audit   'function-bind': [ '1.1.2' ],
15 silly audit   'get-intrinsic': [ '1.3.0' ],
15 silly audit   'get-proto': [ '1.0.1' ],
15 silly audit   gopd: [ '1.2.0' ],
15 silly audit   'has-symbols': [ '1.1.0' ],
15 silly audit   'has-tostringtag': [ '1.0.2' ],
15 silly audit   hasown: [ '2.0.2' ],
15 silly audit   immutable: [ '5.1.4' ],
15 silly audit   'is-extglob': [ '2.1.1' ],
15 silly audit   'is-glob': [ '4.0.3' ],
15 silly audit   'is-number': [ '7.0.0' ],
15 silly audit   lodash: [ '4.17.21' ],
15 silly audit   'lodash-es': [ '4.17.21' ],
15 silly audit   'lodash-unified': [ '1.0.3' ],
15 silly audit   'magic-string': [ '0.30.21' ],
15 silly audit   'math-intrinsics': [ '1.1.0' ],
15 silly audit   'memoize-one': [ '6.0.0' ],
15 silly audit   micromatch: [ '4.0.8' ],
15 silly audit   'mime-db': [ '1.52.0' ],
15 silly audit   'mime-types': [ '2.1.35' ],
15 silly audit   nanoid: [ '3.3.11' ],
15 silly audit   'node-addon-api': [ '7.1.1' ],
15 silly audit   'normalize-wheel-es': [ '1.2.0' ],
15 silly audit   picocolors: [ '1.1.1' ],
15 silly audit   picomatch: [ '2.3.1', '4.0.3' ],
15 silly audit   pinia: [ '2.3.1' ],
15 silly audit   postcss: [ '8.5.6' ],
15 silly audit   'proxy-from-env': [ '1.1.0' ],
15 silly audit   readdirp: [ '4.1.2' ],
15 silly audit   rollup: [ '4.53.3' ],
15 silly audit   sass: [ '1.94.2' ],
15 silly audit   'source-map-js': [ '1.2.1' ],
15 silly audit   tinyglobby: [ '0.2.15' ],
15 silly audit   fdir: [ '6.5.0' ],
15 silly audit   'to-regex-range': [ '5.0.1' ],
15 silly audit   vite: [ '6.4.1' ],
15 silly audit   vue: [ '3.5.25' ],
15 silly audit   'vue-demi': [ '0.14.10' ],
15 silly audit   'vue-router': [ '4.6.3' ]
15 silly audit }
16 verbose reify failed optional dependency E:\5\Mobile_Internet\MIS_MobileTerminal\web-app\node_modules\fsevents
17 silly reify mark deleted [
17 silly reify   'E:\\5\\Mobile_Internet\\MIS_MobileTerminal\\web-app\\node_modules\\fsevents'
17 silly reify ]
18 verbose reify failed optional dependency E:\5\Mobile_Internet\MIS_MobileTerminal\web-app\node_modules\@rollup\rollup-win32-ia32-msvc
19 silly reify mark deleted [
19 silly reify   'E:\\5\\Mobile_Internet\\MIS_MobileTerminal\\web-app\\node_modules\\@rollup\\rollup-win32-ia32-msvc'
19 silly reify ]
20 verbose reify failed optional dependency E:\5\Mobile_Internet\MIS_MobileTerminal\web-app\node_modules\@rollup\rollup-win32-arm64-msvc
21 silly reify mark deleted [
21 silly reify   'E:\\5\\Mobile_Internet\\MIS_MobileTerminal\\web-app\\node_modules\\@rollup\\rollup-win32-arm64-msvc'
21 silly reify ]
22 verbose reify failed optional dependency E:\5\Mobile_Internet\MIS_MobileTerminal\web-app\node_modules\@rollup\rollup-openharmony-arm64
23 silly reify mark deleted [
23 silly reify   'E:\\5\\Mobile_Internet\\MIS_MobileTerminal\\web-app\\node_modules\\@rollup\\rollup-openharmony-arm64'
23 silly reify ]
24 verbose reify failed optional dependency E:\5\Mobile_Internet\MIS_MobileTerminal\web-app\node_modules\@rollup\rollup-linux-x64-musl
25 silly reify mark deleted [
25 silly reify   'E:\\5\\Mobile_Internet\\MIS_MobileTerminal\\web-app\\node_modules\\@rollup\\rollup-linux-x64-musl'
25 silly reify ]
26 verbose reify failed optional dependency E:\5\Mobile_Internet\MIS_MobileTerminal\web-app\node_modules\@rollup\rollup-linux-x64-gnu
27 silly reify mark deleted [
27 silly reify   'E:\\5\\Mobile_Internet\\MIS_MobileTerminal\\web-app\\node_modules\\@rollup\\rollup-linux-x64-gnu'
27 silly reify ]
28 verbose reify failed optional dependency E:\5\Mobile_Internet\MIS_MobileTerminal\web-app\node_modules\@rollup\rollup-linux-s390x-gnu
29 silly reify mark deleted [
29 silly reify   'E:\\5\\Mobile_Internet\\MIS_MobileTerminal\\web-app\\node_modules\\@rollup\\rollup-linux-s390x-gnu'
29 silly reify ]
30 verbose reify failed optional dependency E:\5\Mobile_Internet\MIS_MobileTerminal\web-app\node_modules\@rollup\rollup-linux-riscv64-musl
31 silly reify mark deleted [
31 silly reify   'E:\\5\\Mobile_Internet\\MIS_MobileTerminal\\web-app\\node_modules\\@rollup\\rollup-linux-riscv64-musl'
31 silly reify ]
32 verbose reify failed optional dependency E:\5\Mobile_Internet\MIS_MobileTerminal\web-app\node_modules\@rollup\rollup-linux-riscv64-gnu
33 silly reify mark deleted [
33 silly reify   'E:\\5\\Mobile_Internet\\MIS_MobileTerminal\\web-app\\node_modules\\@rollup\\rollup-linux-riscv64-gnu'
33 silly reify ]
34 verbose reify failed optional dependency E:\5\Mobile_Internet\MIS_MobileTerminal\web-app\node_modules\@rollup\rollup-linux-ppc64-gnu
35 silly reify mark deleted [
35 silly reify   'E:\\5\\Mobile_Internet\\MIS_MobileTerminal\\web-app\\node_modules\\@rollup\\rollup-linux-ppc64-gnu'
35 silly reify ]
36 verbose reify failed optional dependency E:\5\Mobile_Internet\MIS_MobileTerminal\web-app\node_modules\@rollup\rollup-linux-loong64-gnu
37 silly reify mark deleted [
37 silly reify   'E:\\5\\Mobile_Internet\\MIS_MobileTerminal\\web-app\\node_modules\\@rollup\\rollup-linux-loong64-gnu'
37 silly reify ]
38 verbose reify failed optional dependency E:\5\Mobile_Internet\MIS_MobileTerminal\web-app\node_modules\@rollup\rollup-linux-arm64-musl
39 silly reify mark deleted [
39 silly reify   'E:\\5\\Mobile_Internet\\MIS_MobileTerminal\\web-app\\node_modules\\@rollup\\rollup-linux-arm64-musl'
39 silly reify ]
40 verbose reify failed optional dependency E:\5\Mobile_Internet\MIS_MobileTerminal\web-app\node_modules\@rollup\rollup-linux-arm64-gnu
41 silly reify mark deleted [
41 silly reify   'E:\\5\\Mobile_Internet\\MIS_MobileTerminal\\web-app\\node_modules\\@rollup\\rollup-linux-arm64-gnu'
41 silly reify ]
42 verbose reify failed optional dependency E:\5\Mobile_Internet\MIS_MobileTerminal\web-app\node_modules\@rollup\rollup-linux-arm-musleabihf
43 silly reify mark deleted [
43 silly reify   'E:\\5\\Mobile_Internet\\MIS_MobileTerminal\\web-app\\node_modules\\@rollup\\rollup-linux-arm-musleabihf'
43 silly reify ]
44 verbose reify failed optional dependency E:\5\Mobile_Internet\MIS_MobileTerminal\web-app\node_modules\@rollup\rollup-linux-arm-gnueabihf
45 silly reify mark deleted [
45 silly reify   'E:\\5\\Mobile_Internet\\MIS_MobileTerminal\\web-app\\node_modules\\@rollup\\rollup-linux-arm-gnueabihf'
45 silly reify ]
46 verbose reify failed optional dependency E:\5\Mobile_Internet\MIS_MobileTerminal\web-app\node_modules\@rollup\rollup-freebsd-x64
47 silly reify mark deleted [
47 silly reify   'E:\\5\\Mobile_Internet\\MIS_MobileTerminal\\web-app\\node_modules\\@rollup\\rollup-freebsd-x64'
47 silly reify ]
48 verbose reify failed optional dependency E:\5\Mobile_Internet\MIS_MobileTerminal\web-app\node_modules\@rollup\rollup-freebsd-arm64
49 silly reify mark deleted [
49 silly reify   'E:\\5\\Mobile_Internet\\MIS_MobileTerminal\\web-app\\node_modules\\@rollup\\rollup-freebsd-arm64'
49 silly reify ]
50 verbose reify failed optional dependency E:\5\Mobile_Internet\MIS_MobileTerminal\web-app\node_modules\@rollup\rollup-darwin-x64
51 silly reify mark deleted [
51 silly reify   'E:\\5\\Mobile_Internet\\MIS_MobileTerminal\\web-app\\node_modules\\@rollup\\rollup-darwin-x64'
51 silly reify ]
52 verbose reify failed optional dependency E:\5\Mobile_Internet\MIS_MobileTerminal\web-app\node_modules\@rollup\rollup-darwin-arm64
53 silly reify mark deleted [
53 silly reify   'E:\\5\\Mobile_Internet\\MIS_MobileTerminal\\web-app\\node_modules\\@rollup\\rollup-darwin-arm64'
53 silly reify ]
54 verbose reify failed optional dependency E:\5\Mobile_Internet\MIS_MobileTerminal\web-app\node_modules\@rollup\rollup-android-arm64
55 silly reify mark deleted [
55 silly reify   'E:\\5\\Mobile_Internet\\MIS_MobileTerminal\\web-app\\node_modules\\@rollup\\rollup-android-arm64'
55 silly reify ]
56 verbose reify failed optional dependency E:\5\Mobile_Internet\MIS_MobileTerminal\web-app\node_modules\@rollup\rollup-android-arm-eabi
57 silly reify mark deleted [
57 silly reify   'E:\\5\\Mobile_Internet\\MIS_MobileTerminal\\web-app\\node_modules\\@rollup\\rollup-android-arm-eabi'
57 silly reify ]
58 verbose reify failed optional dependency E:\5\Mobile_Internet\MIS_MobileTerminal\web-app\node_modules\@parcel\watcher-win32-ia32
59 silly reify mark deleted [
59 silly reify   'E:\\5\\Mobile_Internet\\MIS_MobileTerminal\\web-app\\node_modules\\@parcel\\watcher-win32-ia32'
59 silly reify ]
60 verbose reify failed optional dependency E:\5\Mobile_Internet\MIS_MobileTerminal\web-app\node_modules\@parcel\watcher-win32-arm64
61 silly reify mark deleted [
61 silly reify   'E:\\5\\Mobile_Internet\\MIS_MobileTerminal\\web-app\\node_modules\\@parcel\\watcher-win32-arm64'
61 silly reify ]
62 verbose reify failed optional dependency E:\5\Mobile_Internet\MIS_MobileTerminal\web-app\node_modules\@parcel\watcher-linux-x64-musl
63 silly reify mark deleted [
63 silly reify   'E:\\5\\Mobile_Internet\\MIS_MobileTerminal\\web-app\\node_modules\\@parcel\\watcher-linux-x64-musl'
63 silly reify ]
64 verbose reify failed optional dependency E:\5\Mobile_Internet\MIS_MobileTerminal\web-app\node_modules\@parcel\watcher-linux-x64-glibc
65 silly reify mark deleted [
65 silly reify   'E:\\5\\Mobile_Internet\\MIS_MobileTerminal\\web-app\\node_modules\\@parcel\\watcher-linux-x64-glibc'
65 silly reify ]
66 verbose reify failed optional dependency E:\5\Mobile_Internet\MIS_MobileTerminal\web-app\node_modules\@parcel\watcher-linux-arm64-musl
67 silly reify mark deleted [
67 silly reify   'E:\\5\\Mobile_Internet\\MIS_MobileTerminal\\web-app\\node_modules\\@parcel\\watcher-linux-arm64-musl'
67 silly reify ]
68 verbose reify failed optional dependency E:\5\Mobile_Internet\MIS_MobileTerminal\web-app\node_modules\@parcel\watcher-linux-arm64-glibc
69 silly reify mark deleted [
69 silly reify   'E:\\5\\Mobile_Internet\\MIS_MobileTerminal\\web-app\\node_modules\\@parcel\\watcher-linux-arm64-glibc'
69 silly reify ]
70 verbose reify failed optional dependency E:\5\Mobile_Internet\MIS_MobileTerminal\web-app\node_modules\@parcel\watcher-linux-arm-musl
71 silly reify mark deleted [
71 silly reify   'E:\\5\\Mobile_Internet\\MIS_MobileTerminal\\web-app\\node_modules\\@parcel\\watcher-linux-arm-musl'
71 silly reify ]
72 verbose reify failed optional dependency E:\5\Mobile_Internet\MIS_MobileTerminal\web-app\node_modules\@parcel\watcher-linux-arm-glibc
73 silly reify mark deleted [
73 silly reify   'E:\\5\\Mobile_Internet\\MIS_MobileTerminal\\web-app\\node_modules\\@parcel\\watcher-linux-arm-glibc'
73 silly reify ]
74 verbose reify failed optional dependency E:\5\Mobile_Internet\MIS_MobileTerminal\web-app\node_modules\@parcel\watcher-freebsd-x64
75 silly reify mark deleted [
75 silly reify   'E:\\5\\Mobile_Internet\\MIS_MobileTerminal\\web-app\\node_modules\\@parcel\\watcher-freebsd-x64'
75 silly reify ]
76 verbose reify failed optional dependency E:\5\Mobile_Internet\MIS_MobileTerminal\web-app\node_modules\@parcel\watcher-darwin-x64
77 silly reify mark deleted [
77 silly reify   'E:\\5\\Mobile_Internet\\MIS_MobileTerminal\\web-app\\node_modules\\@parcel\\watcher-darwin-x64'
77 silly reify ]
78 verbose reify failed optional dependency E:\5\Mobile_Internet\MIS_MobileTerminal\web-app\node_modules\@parcel\watcher-darwin-arm64
79 silly reify mark deleted [
79 silly reify   'E:\\5\\Mobile_Internet\\MIS_MobileTerminal\\web-app\\node_modules\\@parcel\\watcher-darwin-arm64'
79 silly reify ]
80 verbose reify failed optional dependency E:\5\Mobile_Internet\MIS_MobileTerminal\web-app\node_modules\@parcel\watcher-android-arm64
81 silly reify mark deleted [
81 silly reify   'E:\\5\\Mobile_Internet\\MIS_MobileTerminal\\web-app\\node_modules\\@parcel\\watcher-android-arm64'
81 silly reify ]
82 verbose reify failed optional dependency E:\5\Mobile_Internet\MIS_MobileTerminal\web-app\node_modules\@esbuild\win32-ia32
83 silly reify mark deleted [
83 silly reify   'E:\\5\\Mobile_Internet\\MIS_MobileTerminal\\web-app\\node_modules\\@esbuild\\win32-ia32'
83 silly reify ]
84 verbose reify failed optional dependency E:\5\Mobile_Internet\MIS_MobileTerminal\web-app\node_modules\@esbuild\win32-arm64
85 silly reify mark deleted [
85 silly reify   'E:\\5\\Mobile_Internet\\MIS_MobileTerminal\\web-app\\node_modules\\@esbuild\\win32-arm64'
85 silly reify ]
86 verbose reify failed optional dependency E:\5\Mobile_Internet\MIS_MobileTerminal\web-app\node_modules\@esbuild\sunos-x64
87 silly reify mark deleted [
87 silly reify   'E:\\5\\Mobile_Internet\\MIS_MobileTerminal\\web-app\\node_modules\\@esbuild\\sunos-x64'
87 silly reify ]
88 verbose reify failed optional dependency E:\5\Mobile_Internet\MIS_MobileTerminal\web-app\node_modules\@esbuild\openharmony-arm64
89 silly reify mark deleted [
89 silly reify   'E:\\5\\Mobile_Internet\\MIS_MobileTerminal\\web-app\\node_modules\\@esbuild\\openharmony-arm64'
89 silly reify ]
90 verbose reify failed optional dependency E:\5\Mobile_Internet\MIS_MobileTerminal\web-app\node_modules\@esbuild\openbsd-x64
91 silly reify mark deleted [
91 silly reify   'E:\\5\\Mobile_Internet\\MIS_MobileTerminal\\web-app\\node_modules\\@esbuild\\openbsd-x64'
91 silly reify ]
92 verbose reify failed optional dependency E:\5\Mobile_Internet\MIS_MobileTerminal\web-app\node_modules\@esbuild\openbsd-arm64
93 silly reify mark deleted [
93 silly reify   'E:\\5\\Mobile_Internet\\MIS_MobileTerminal\\web-app\\node_modules\\@esbuild\\openbsd-arm64'
93 silly reify ]
94 verbose reify failed optional dependency E:\5\Mobile_Internet\MIS_MobileTerminal\web-app\node_modules\@esbuild\netbsd-x64
95 silly reify mark deleted [
95 silly reify   'E:\\5\\Mobile_Internet\\MIS_MobileTerminal\\web-app\\node_modules\\@esbuild\\netbsd-x64'
95 silly reify ]
96 verbose reify failed optional dependency E:\5\Mobile_Internet\MIS_MobileTerminal\web-app\node_modules\@esbuild\netbsd-arm64
97 silly reify mark deleted [
97 silly reify   'E:\\5\\Mobile_Internet\\MIS_MobileTerminal\\web-app\\node_modules\\@esbuild\\netbsd-arm64'
97 silly reify ]
98 verbose reify failed optional dependency E:\5\Mobile_Internet\MIS_MobileTerminal\web-app\node_modules\@esbuild\linux-x64
99 silly reify mark deleted [
99 silly reify   'E:\\5\\Mobile_Internet\\MIS_MobileTerminal\\web-app\\node_modules\\@esbuild\\linux-x64'
99 silly reify ]
100 verbose reify failed optional dependency E:\5\Mobile_Internet\MIS_MobileTerminal\web-app\node_modules\@esbuild\linux-s390x
101 silly reify mark deleted [
101 silly reify   'E:\\5\\Mobile_Internet\\MIS_MobileTerminal\\web-app\\node_modules\\@esbuild\\linux-s390x'
101 silly reify ]
102 verbose reify failed optional dependency E:\5\Mobile_Internet\MIS_MobileTerminal\web-app\node_modules\@esbuild\linux-riscv64
103 silly reify mark deleted [
103 silly reify   'E:\\5\\Mobile_Internet\\MIS_MobileTerminal\\web-app\\node_modules\\@esbuild\\linux-riscv64'
103 silly reify ]
104 verbose reify failed optional dependency E:\5\Mobile_Internet\MIS_MobileTerminal\web-app\node_modules\@esbuild\linux-ppc64
105 silly reify mark deleted [
105 silly reify   'E:\\5\\Mobile_Internet\\MIS_MobileTerminal\\web-app\\node_modules\\@esbuild\\linux-ppc64'
105 silly reify ]
106 verbose reify failed optional dependency E:\5\Mobile_Internet\MIS_MobileTerminal\web-app\node_modules\@esbuild\linux-mips64el
107 silly reify mark deleted [
107 silly reify   'E:\\5\\Mobile_Internet\\MIS_MobileTerminal\\web-app\\node_modules\\@esbuild\\linux-mips64el'
107 silly reify ]
108 verbose reify failed optional dependency E:\5\Mobile_Internet\MIS_MobileTerminal\web-app\node_modules\@esbuild\linux-loong64
109 silly reify mark deleted [
109 silly reify   'E:\\5\\Mobile_Internet\\MIS_MobileTerminal\\web-app\\node_modules\\@esbuild\\linux-loong64'
109 silly reify ]
110 verbose reify failed optional dependency E:\5\Mobile_Internet\MIS_MobileTerminal\web-app\node_modules\@esbuild\linux-ia32
111 silly reify mark deleted [
111 silly reify   'E:\\5\\Mobile_Internet\\MIS_MobileTerminal\\web-app\\node_modules\\@esbuild\\linux-ia32'
111 silly reify ]
112 verbose reify failed optional dependency E:\5\Mobile_Internet\MIS_MobileTerminal\web-app\node_modules\@esbuild\linux-arm64
113 silly reify mark deleted [
113 silly reify   'E:\\5\\Mobile_Internet\\MIS_MobileTerminal\\web-app\\node_modules\\@esbuild\\linux-arm64'
113 silly reify ]
114 verbose reify failed optional dependency E:\5\Mobile_Internet\MIS_MobileTerminal\web-app\node_modules\@esbuild\linux-arm
115 silly reify mark deleted [
115 silly reify   'E:\\5\\Mobile_Internet\\MIS_MobileTerminal\\web-app\\node_modules\\@esbuild\\linux-arm'
115 silly reify ]
116 verbose reify failed optional dependency E:\5\Mobile_Internet\MIS_MobileTerminal\web-app\node_modules\@esbuild\freebsd-x64
117 silly reify mark deleted [
117 silly reify   'E:\\5\\Mobile_Internet\\MIS_MobileTerminal\\web-app\\node_modules\\@esbuild\\freebsd-x64'
117 silly reify ]
118 verbose reify failed optional dependency E:\5\Mobile_Internet\MIS_MobileTerminal\web-app\node_modules\@esbuild\freebsd-arm64
119 silly reify mark deleted [
119 silly reify   'E:\\5\\Mobile_Internet\\MIS_MobileTerminal\\web-app\\node_modules\\@esbuild\\freebsd-arm64'
119 silly reify ]
120 verbose reify failed optional dependency E:\5\Mobile_Internet\MIS_MobileTerminal\web-app\node_modules\@esbuild\darwin-x64
121 silly reify mark deleted [
121 silly reify   'E:\\5\\Mobile_Internet\\MIS_MobileTerminal\\web-app\\node_modules\\@esbuild\\darwin-x64'
121 silly reify ]
122 verbose reify failed optional dependency E:\5\Mobile_Internet\MIS_MobileTerminal\web-app\node_modules\@esbuild\darwin-arm64
123 silly reify mark deleted [
123 silly reify   'E:\\5\\Mobile_Internet\\MIS_MobileTerminal\\web-app\\node_modules\\@esbuild\\darwin-arm64'
123 silly reify ]
124 verbose reify failed optional dependency E:\5\Mobile_Internet\MIS_MobileTerminal\web-app\node_modules\@esbuild\android-x64
125 silly reify mark deleted [
125 silly reify   'E:\\5\\Mobile_Internet\\MIS_MobileTerminal\\web-app\\node_modules\\@esbuild\\android-x64'
125 silly reify ]
126 verbose reify failed optional dependency E:\5\Mobile_Internet\MIS_MobileTerminal\web-app\node_modules\@esbuild\android-arm64
127 silly reify mark deleted [
127 silly reify   'E:\\5\\Mobile_Internet\\MIS_MobileTerminal\\web-app\\node_modules\\@esbuild\\android-arm64'
127 silly reify ]
128 verbose reify failed optional dependency E:\5\Mobile_Internet\MIS_MobileTerminal\web-app\node_modules\@esbuild\android-arm
129 silly reify mark deleted [
129 silly reify   'E:\\5\\Mobile_Internet\\MIS_MobileTerminal\\web-app\\node_modules\\@esbuild\\android-arm'
129 silly reify ]
130 verbose reify failed optional dependency E:\5\Mobile_Internet\MIS_MobileTerminal\web-app\node_modules\@esbuild\aix-ppc64
131 silly reify mark deleted [
131 silly reify   'E:\\5\\Mobile_Internet\\MIS_MobileTerminal\\web-app\\node_modules\\@esbuild\\aix-ppc64'
131 silly reify ]
132 http fetch POST 404 https://registry.npmmirror.com/-/npm/v1/security/advisories/bulk 112ms
133 silly audit bulk request failed [object Object]
134 http fetch POST 404 https://registry.npmmirror.com/-/npm/v1/security/audits/quick 12ms
135 verbose audit error HttpErrorGeneral: 404 Not Found - POST https://registry.npmmirror.com/-/npm/v1/security/audits/quick - [NOT_IMPLEMENTED] /-/npm/v1/security/* not implemented yet
135 verbose audit error     at E:\Program Files\nodejs\node_modules\npm\node_modules\npm-registry-fetch\lib\check-response.js:103:15
135 verbose audit error     at process.processTicksAndRejections (node:internal/process/task_queues:105:5)
135 verbose audit error     at async [getReport] (E:\Program Files\nodejs\node_modules\npm\node_modules\@npmcli\arborist\lib\audit-report.js:336:21)
135 verbose audit error     at async AuditReport.run (E:\Program Files\nodejs\node_modules\npm\node_modules\@npmcli\arborist\lib\audit-report.js:106:19)
135 verbose audit error     at async Arborist.reify (E:\Program Files\nodejs\node_modules\npm\node_modules\@npmcli\arborist\lib\arborist\reify.js:268:24)
135 verbose audit error     at async Install.exec (E:\Program Files\nodejs\node_modules\npm\lib\commands\install.js:150:5)
135 verbose audit error     at async Npm.exec (E:\Program Files\nodejs\node_modules\npm\lib\npm.js:207:9)
135 verbose audit error     at async module.exports (E:\Program Files\nodejs\node_modules\npm\lib\cli\entry.js:74:5) {
135 verbose audit error   headers: [Object: null prototype] {
135 verbose audit error     server: [ 'Tengine' ],
135 verbose audit error     date: [ 'Fri, 28 Nov 2025 11:07:08 GMT' ],
135 verbose audit error     'content-type': [ 'application/json' ],
135 verbose audit error     'transfer-encoding': [ 'chunked' ],
135 verbose audit error     connection: [ 'keep-alive' ],
135 verbose audit error     'strict-transport-security': [ 'max-age=5184000' ],
135 verbose audit error     via: [ 'kunlun6.cn6425[,404666]' ],
135 verbose audit error     'timing-allow-origin': [ '*' ],
135 verbose audit error     eagleid: [ '3da0c01017643280286977020e' ],
135 verbose audit error     'x-fetch-attempts': [ '1' ]
135 verbose audit error   },
135 verbose audit error   statusCode: 404,
135 verbose audit error   code: 'E404',
135 verbose audit error   method: 'POST',
135 verbose audit error   uri: 'https://registry.npmmirror.com/-/npm/v1/security/audits/quick',
135 verbose audit error   body: {
135 verbose audit error     error: '[NOT_IMPLEMENTED] /-/npm/v1/security/* not implemented yet'
135 verbose audit error   },
135 verbose audit error   pkgid: undefined
135 verbose audit error }
136 silly audit error [object Object]
137 silly audit report null
138 silly ADD
139 silly ADD
140 silly ADD
141 silly ADD
142 silly ADD
143 silly ADD
144 silly ADD
145 silly ADD
146 silly ADD
147 silly ADD
148 silly ADD
149 silly ADD
150 silly ADD
151 silly ADD
152 silly ADD
153 silly ADD
154 silly ADD
155 silly ADD
156 silly ADD
157 silly ADD
158 silly ADD
159 silly ADD
160 silly ADD
161 silly ADD
162 silly ADD
163 silly ADD
164 silly ADD
165 silly ADD
166 silly ADD
167 silly ADD
168 silly ADD
169 silly ADD
170 silly ADD
171 silly ADD
172 silly ADD
173 silly ADD
174 silly ADD
175 silly ADD
176 silly ADD
177 silly ADD
178 silly ADD
179 silly ADD
180 silly ADD
181 silly ADD
182 silly ADD
183 silly ADD
184 silly ADD
185 silly ADD
186 silly ADD
187 silly ADD
188 silly ADD
189 silly ADD
190 silly ADD
191 silly ADD
192 silly ADD
193 silly ADD
194 silly ADD
195 silly ADD
196 verbose cwd E:\5\Mobile_Internet\MIS_MobileTerminal\web-app
197 verbose os Windows_NT 10.0.26100
198 verbose node v22.14.0
199 verbose npm  v10.9.2
200 verbose exit 0
201 info ok
